RUN	WMSSimulation	wmssimulation	1679577117026	 	3.9.2
USER	GoodsSimulation	START	1679577118146
USER	GoodsSimulation	START	1679577118147
USER	GoodsSimulation	START	1679577118147
USER	GoodsSimulation	START	1679577118147
USER	GoodsSimulation	START	1679577118147
USER	GoodsSimulation	START	1679577118146
USER	GoodsSimulation	START	1679577118146
USER	GoodsSimulation	START	1679577118146
USER	GoodsSimulation	START	1679577118147
USER	GoodsSimulation	START	1679577118147
REQUEST		addGoodsRequest	1679577118209	1679577118248	OK	 
REQUEST		addGoodsRequest	1679577118209	1679577118248	OK	 
REQUEST		addGoodsRequest	1679577118209	1679577118248	OK	 
REQUEST		addGoodsRequest	1679577118209	1679577118248	OK	 
REQUEST		addGoodsRequest	1679577118209	1679577118248	OK	 
REQUEST		addGoodsRequest	1679577118209	1679577118248	OK	 
REQUEST		addGoodsRequest	1679577118209	1679577118248	OK	 
REQUEST		addGoodsRequest	1679577118209	1679577118248	OK	 
REQUEST		addGoodsRequest	1679577118209	1679577118248	OK	 
REQUEST		addGoodsRequest	1679577118209	1679577118248	OK	 
REQUEST		detailGoodsRequest1	1679577123399	1679577123410	OK	 
REQUEST		detailGoodsRequest1	1679577123399	1679577123410	OK	 
REQUEST		detailGoodsRequest1	1679577123398	1679577123410	OK	 
REQUEST		detailGoodsRequest1	1679577123398	1679577123410	OK	 
REQUEST		detailGoodsRequest1	1679577123399	1679577123410	OK	 
REQUEST		detailGoodsRequest1	1679577123399	1679577123412	OK	 
REQUEST		detailGoodsRequest1	1679577123398	1679577123412	OK	 
REQUEST		detailGoodsRequest1	1679577123398	1679577123413	OK	 
REQUEST		detailGoodsRequest1	1679577123400	1679577123413	OK	 
REQUEST		detailGoodsRequest1	1679577123398	1679577123414	OK	 
REQUEST		updateGoodsRequest	1679577128427	1679577128446	OK	 
REQUEST		updateGoodsRequest	1679577128426	1679577128446	OK	 
REQUEST		updateGoodsRequest	1679577128427	1679577128446	OK	 
REQUEST		updateGoodsRequest	1679577128426	1679577128446	OK	 
REQUEST		updateGoodsRequest	1679577128426	1679577128446	OK	 
REQUEST		updateGoodsRequest	1679577128426	1679577128447	OK	 
REQUEST		updateGoodsRequest	1679577128426	1679577128447	OK	 
REQUEST		updateGoodsRequest	1679577128426	1679577128449	OK	 
REQUEST		updateGoodsRequest	1679577128427	1679577128453	OK	 
REQUEST		updateGoodsRequest	1679577128427	1679577128454	OK	 
REQUEST		detailGoodsRequest2	1679577133461	1679577133474	OK	 
REQUEST		detailGoodsRequest2	1679577133461	1679577133475	OK	 
REQUEST		detailGoodsRequest2	1679577133463	1679577133475	OK	 
REQUEST		detailGoodsRequest2	1679577133462	1679577133475	OK	 
REQUEST		detailGoodsRequest2	1679577133461	1679577133475	OK	 
REQUEST		detailGoodsRequest2	1679577133462	1679577133476	OK	 
REQUEST		detailGoodsRequest2	1679577133461	1679577133478	OK	 
REQUEST		detailGoodsRequest2	1679577133462	1679577133478	OK	 
REQUEST		detailGoodsRequest2	1679577133461	1679577133478	OK	 
REQUEST		detailGoodsRequest2	1679577133463	1679577133478	OK	 
REQUEST		listGoodsRequest	1679577138494	1679577138502	OK	 
REQUEST		listGoodsRequest	1679577138494	1679577138501	OK	 
REQUEST		listGoodsRequest	1679577138493	1679577138503	OK	 
REQUEST		listGoodsRequest	1679577138493	1679577138504	OK	 
REQUEST		listGoodsRequest	1679577138494	1679577138504	OK	 
REQUEST		listGoodsRequest	1679577138493	1679577138504	OK	 
REQUEST		listGoodsRequest	1679577138494	1679577138506	OK	 
REQUEST		listGoodsRequest	1679577138493	1679577138506	OK	 
REQUEST		listGoodsRequest	1679577138493	1679577138510	OK	 
REQUEST		listGoodsRequest	1679577138494	1679577138510	OK	 
REQUEST		deleteGoodsRequest	1679577143508	1679577143519	OK	 
USER	GoodsSimulation	END	1679577143523
REQUEST		deleteGoodsRequest	1679577143508	1679577143524	OK	 
REQUEST		deleteGoodsRequest	1679577143508	1679577143524	OK	 
REQUEST		deleteGoodsRequest	1679577143509	1679577143524	OK	 
REQUEST		deleteGoodsRequest	1679577143508	1679577143524	OK	 
USER	GoodsSimulation	END	1679577143524
USER	GoodsSimulation	END	1679577143524
USER	GoodsSimulation	END	1679577143525
USER	GoodsSimulation	END	1679577143525
REQUEST		deleteGoodsRequest	1679577143510	1679577143525	OK	 
REQUEST		deleteGoodsRequest	1679577143510	1679577143525	OK	 
USER	GoodsSimulation	END	1679577143526
USER	GoodsSimulation	END	1679577143526
REQUEST		deleteGoodsRequest	1679577143509	1679577143530	OK	 
USER	GoodsSimulation	END	1679577143531
REQUEST		deleteGoodsRequest	1679577143524	1679577143537	OK	 
USER	GoodsSimulation	END	1679577143538
REQUEST		deleteGoodsRequest	1679577143524	1679577143540	OK	 
USER	GoodsSimulation	END	1679577143541
